[2024-04-03 10:08:02.980] [info]  No state version found, assuming empty state.
[2024-04-03 10:08:04.323] [info]  State version: 26
[2024-04-03 10:08:34.316] [info]  Error: No password found
[2024-04-03 10:08:34.498] [info]  Error: No password found
[2024-04-03 10:08:34.500] [info]  Error: No password found
[2024-04-03 10:08:34.814] [info]  Finished search indexing
[2024-04-03 10:08:36.111] [info]  Finished search indexing
[2024-04-03 10:09:10.027] [info]  Finished search indexing
[2024-04-03 10:09:15.197] [error] TypeError: Object has been destroyed
    at WindowMain.<anonymous> (/usr/lib/bitwarden/app.asar/main.js:82374:36)
    at Generator.next (<anonymous>)
    at /usr/lib/bitwarden/app.asar/main.js:82136:71
    at new Promise (<anonymous>)
    at window_main_awaiter (/usr/lib/bitwarden/app.asar/main.js:82132:12)
    at WindowMain.updateWindowState (/usr/lib/bitwarden/app.asar/main.js:82369:16)
    at WindowMain.<anonymous> (/usr/lib/bitwarden/app.asar/main.js:82303:28)
    at Generator.next (<anonymous>)
    at /usr/lib/bitwarden/app.asar/main.js:82136:71
    at new Promise (<anonymous>)
[2024-04-03 10:09:50.083] [info]  State version: 26
[2024-04-03 10:09:50.091] [info]  Migrator MinVersionMigrator (to version 2) should migrate: false - up
[2024-04-03 10:09:50.092] [info]  Migrator FixPremiumMigrator (to version 3) should migrate: false - up
[2024-04-03 10:09:50.092] [info]  Migrator RemoveEverBeenUnlockedMigrator (to version 4) should migrate: false - up
[2024-04-03 10:09:50.093] [info]  Migrator AddKeyTypeToOrgKeysMigrator (to version 5) should migrate: false - up
[2024-04-03 10:09:50.093] [info]  Migrator RemoveLegacyEtmKeyMigrator (to version 6) should migrate: false - up
[2024-04-03 10:09:50.094] [info]  Migrator MoveBiometricAutoPromptToAccount (to version 7) should migrate: false - up
[2024-04-03 10:09:50.094] [info]  Migrator MoveStateVersionMigrator (to version 8) should migrate: false - up
[2024-04-03 10:09:50.095] [info]  Migrator MoveBrowserSettingsToGlobal (to version 9) should migrate: false - up
[2024-04-03 10:09:50.095] [info]  Migrator EverHadUserKeyMigrator (to version 10) should migrate: false - up
[2024-04-03 10:09:50.096] [info]  Migrator OrganizationKeyMigrator (to version 11) should migrate: false - up
[2024-04-03 10:09:50.096] [info]  Migrator MoveEnvironmentStateToProviders (to version 12) should migrate: false - up
[2024-04-03 10:09:50.096] [info]  Migrator ProviderKeyMigrator (to version 13) should migrate: false - up
[2024-04-03 10:09:50.097] [info]  Migrator MoveBiometricClientKeyHalfToStateProviders (to version 14) should migrate: false - up
[2024-04-03 10:09:50.097] [info]  Migrator FolderMigrator (to version 15) should migrate: false - up
[2024-04-03 10:09:50.097] [info]  Migrator LastSyncMigrator (to version 16) should migrate: false - up
[2024-04-03 10:09:50.098] [info]  Migrator EnablePasskeysMigrator (to version 17) should migrate: false - up
[2024-04-03 10:09:50.098] [info]  Migrator AutofillSettingsKeyMigrator (to version 18) should migrate: false - up
[2024-04-03 10:09:50.098] [info]  Migrator RequirePasswordOnStartMigrator (to version 19) should migrate: false - up
[2024-04-03 10:09:50.098] [info]  Migrator PrivateKeyMigrator (to version 20) should migrate: false - up
[2024-04-03 10:09:50.099] [info]  Migrator CollectionMigrator (to version 21) should migrate: false - up
[2024-04-03 10:09:50.099] [info]  Migrator CollapsedGroupingsMigrator (to version 22) should migrate: false - up
[2024-04-03 10:09:50.099] [info]  Migrator MoveBiometricPromptsToStateProviders (to version 23) should migrate: false - up
[2024-04-03 10:09:50.100] [info]  Migrator SmOnboardingTasksMigrator (to version 24) should migrate: false - up
[2024-04-03 10:09:50.100] [info]  Migrator ClearClipboardDelayMigrator (to version 25) should migrate: false - up
[2024-04-03 10:09:50.100] [info]  Migrator RevertLastSyncMigrator (to version 26) should migrate: false - up
[2024-04-03 10:09:51.437] [info]  State version: 26
[2024-04-03 10:09:51.503] [info]  Error: No password found
[2024-04-03 10:09:51.602] [info]  Error: No password found
[2024-04-03 10:09:51.617] [info]  Error: No password found
[2024-04-03 10:09:51.714] [info]  Error: No password found
[2024-04-03 10:09:51.715] [info]  Error: No password found
[2024-04-03 10:09:51.808] [info]  Error: No password found
[2024-04-03 10:09:51.826] [info]  Error: No password found
[2024-04-03 10:09:52.010] [info]  Error: No password found
[2024-04-03 10:09:52.801] [info]  Error: No password found
[2024-04-03 10:09:53.631] [info]  Error: No password found
[2024-04-03 10:09:54.002] [info]  Error: No password found
[2024-04-03 10:09:54.017] [info]  Error: No password found
[2024-04-03 10:09:54.268] [info]  Error: No password found
[2024-04-03 10:09:54.682] [info]  Error: No password found
[2024-04-03 10:09:56.691] [info]  Finished search indexing
[2024-04-03 10:11:21.894] [error] TypeError: Object has been destroyed
    at WindowMain.<anonymous> (/usr/lib/bitwarden/app.asar/main.js:82374:36)
    at Generator.next (<anonymous>)
    at /usr/lib/bitwarden/app.asar/main.js:82136:71
    at new Promise (<anonymous>)
    at window_main_awaiter (/usr/lib/bitwarden/app.asar/main.js:82132:12)
    at WindowMain.updateWindowState (/usr/lib/bitwarden/app.asar/main.js:82369:16)
    at WindowMain.<anonymous> (/usr/lib/bitwarden/app.asar/main.js:82303:28)
    at Generator.next (<anonymous>)
    at /usr/lib/bitwarden/app.asar/main.js:82136:71
    at new Promise (<anonymous>)
[2024-04-03 10:39:58.095] [info]  State version: 26
[2024-04-03 10:39:58.106] [info]  Migrator MinVersionMigrator (to version 2) should migrate: false - up
[2024-04-03 10:39:58.107] [info]  Migrator FixPremiumMigrator (to version 3) should migrate: false - up
[2024-04-03 10:39:58.108] [info]  Migrator RemoveEverBeenUnlockedMigrator (to version 4) should migrate: false - up
[2024-04-03 10:39:58.108] [info]  Migrator AddKeyTypeToOrgKeysMigrator (to version 5) should migrate: false - up
[2024-04-03 10:39:58.109] [info]  Migrator RemoveLegacyEtmKeyMigrator (to version 6) should migrate: false - up
[2024-04-03 10:39:58.109] [info]  Migrator MoveBiometricAutoPromptToAccount (to version 7) should migrate: false - up
[2024-04-03 10:39:58.110] [info]  Migrator MoveStateVersionMigrator (to version 8) should migrate: false - up
[2024-04-03 10:39:58.110] [info]  Migrator MoveBrowserSettingsToGlobal (to version 9) should migrate: false - up
[2024-04-03 10:39:58.111] [info]  Migrator EverHadUserKeyMigrator (to version 10) should migrate: false - up
[2024-04-03 10:39:58.111] [info]  Migrator OrganizationKeyMigrator (to version 11) should migrate: false - up
[2024-04-03 10:39:58.112] [info]  Migrator MoveEnvironmentStateToProviders (to version 12) should migrate: false - up
[2024-04-03 10:39:58.112] [info]  Migrator ProviderKeyMigrator (to version 13) should migrate: false - up
[2024-04-03 10:39:58.113] [info]  Migrator MoveBiometricClientKeyHalfToStateProviders (to version 14) should migrate: false - up
[2024-04-03 10:39:58.113] [info]  Migrator FolderMigrator (to version 15) should migrate: false - up
[2024-04-03 10:39:58.114] [info]  Migrator LastSyncMigrator (to version 16) should migrate: false - up
[2024-04-03 10:39:58.114] [info]  Migrator EnablePasskeysMigrator (to version 17) should migrate: false - up
[2024-04-03 10:39:58.115] [info]  Migrator AutofillSettingsKeyMigrator (to version 18) should migrate: false - up
[2024-04-03 10:39:58.115] [info]  Migrator RequirePasswordOnStartMigrator (to version 19) should migrate: false - up
[2024-04-03 10:39:58.116] [info]  Migrator PrivateKeyMigrator (to version 20) should migrate: false - up
[2024-04-03 10:39:58.116] [info]  Migrator CollectionMigrator (to version 21) should migrate: false - up
[2024-04-03 10:39:58.116] [info]  Migrator CollapsedGroupingsMigrator (to version 22) should migrate: false - up
[2024-04-03 10:39:58.117] [info]  Migrator MoveBiometricPromptsToStateProviders (to version 23) should migrate: false - up
[2024-04-03 10:39:58.117] [info]  Migrator SmOnboardingTasksMigrator (to version 24) should migrate: false - up
[2024-04-03 10:39:58.117] [info]  Migrator ClearClipboardDelayMigrator (to version 25) should migrate: false - up
[2024-04-03 10:39:58.117] [info]  Migrator RevertLastSyncMigrator (to version 26) should migrate: false - up
[2024-04-03 10:40:00.012] [info]  State version: 26
[2024-04-03 10:40:00.080] [info]  Error: No password found
[2024-04-03 10:40:00.159] [info]  Error: No password found
[2024-04-03 10:40:00.179] [info]  Error: No password found
[2024-04-03 10:40:00.287] [info]  Error: No password found
[2024-04-03 10:40:00.287] [info]  Error: No password found
[2024-04-03 10:40:00.406] [info]  Error: No password found
[2024-04-03 10:40:00.425] [info]  Error: No password found
[2024-04-03 10:40:00.592] [info]  Error: No password found
[2024-04-03 10:40:01.260] [error] TypeError: Object has been destroyed
    at WindowMain.<anonymous> (/usr/lib/bitwarden/app.asar/main.js:82374:36)
    at Generator.next (<anonymous>)
    at /usr/lib/bitwarden/app.asar/main.js:82136:71
    at new Promise (<anonymous>)
    at window_main_awaiter (/usr/lib/bitwarden/app.asar/main.js:82132:12)
    at WindowMain.updateWindowState (/usr/lib/bitwarden/app.asar/main.js:82369:16)
    at WindowMain.<anonymous> (/usr/lib/bitwarden/app.asar/main.js:82303:28)
    at Generator.next (<anonymous>)
    at /usr/lib/bitwarden/app.asar/main.js:82136:71
    at new Promise (<anonymous>)
